Started GET "/" for 127.0.0.1 at 2022-01-30 19:31:34 -0500
  [1m[35m (19.1ms)[0m  [1m[34mSELECT sqlite_version(*)[0m
Processing by Rails::WelcomeController#index as HTML
  Rendering /var/lib/gems/2.7.0/gems/railties-7.0.1/lib/rails/templates/rails/welcome/index.html.erb
  Rendered /var/lib/gems/2.7.0/gems/railties-7.0.1/lib/rails/templates/rails/welcome/index.html.erb (Duration: 19.1ms | Allocations: 660)
Completed 200 OK in 203ms (Views: 72.5ms | ActiveRecord: 0.0ms | Allocations: 6464)


Started GET "/" for 127.0.0.1 at 2022-01-30 21:15:47 -0500
  [1m[35m (4.6ms)[0m  [1m[34mSELECT sqlite_version(*)[0m
Processing by Rails::WelcomeController#index as HTML
  Rendering /var/lib/gems/2.7.0/gems/railties-7.0.1/lib/rails/templates/rails/welcome/index.html.erb
  Rendered /var/lib/gems/2.7.0/gems/railties-7.0.1/lib/rails/templates/rails/welcome/index.html.erb (Duration: 11.5ms | Allocations: 548)
Completed 200 OK in 116ms (Views: 39.2ms | ActiveRecord: 0.0ms | Allocations: 5125)


Started GET "/" for 127.0.0.1 at 2022-01-30 21:20:31 -0500
Processing by Rails::WelcomeController#index as HTML
  Rendering /var/lib/gems/2.7.0/gems/railties-7.0.1/lib/rails/templates/rails/welcome/index.html.erb
  Rendered /var/lib/gems/2.7.0/gems/railties-7.0.1/lib/rails/templates/rails/welcome/index.html.erb (Duration: 0.6ms | Allocations: 351)
Completed 200 OK in 12ms (Views: 1.7ms | ActiveRecord: 0.0ms | Allocations: 1111)


Started GET "/" for 127.0.0.1 at 2022-01-30 21:20:33 -0500
Processing by Rails::WelcomeController#index as HTML
  Rendering /var/lib/gems/2.7.0/gems/railties-7.0.1/lib/rails/templates/rails/welcome/index.html.erb
  Rendered /var/lib/gems/2.7.0/gems/railties-7.0.1/lib/rails/templates/rails/welcome/index.html.erb (Duration: 0.1ms | Allocations: 22)
Completed 200 OK in 11ms (Views: 0.8ms | ActiveRecord: 0.0ms | Allocations: 232)


Started GET "/articles" for 127.0.0.1 at 2022-01-30 21:20:52 -0500
  
ActionController::RoutingError (No route matches [GET] "/articles"):
  
